{
  "stats": {
    "suites": 2,
    "tests": 2,
    "passes": 2,
    "pending": 0,
    "failures": 0,
    "start": "2025-02-07T14:52:01.774Z",
    "end": "2025-02-07T14:52:02.529Z",
    "duration": 755,
    "testsRegistered": 2,
    "passPercent": 100,
    "pendingPercent": 0,
    "other": 0,
    "hasOther": false,
    "skipped": 0,
    "hasSkipped": false
  },
  "results": [
    {
      "uuid": "c56988e8-2bad-4477-8fe0-3e331f920c2f",
      "title": "",
      "fullFile": "cypress/e2e/produits/apiProducts.cy.ts",
      "file": "cypress/e2e/produits/apiProducts.cy.ts",
      "beforeHooks": [],
      "afterHooks": [],
      "tests": [],
      "suites": [
        {
          "uuid": "5ed18c87-978f-42a9-b44f-f284a1623fe2",
          "title": "GET /products - Liste des produits",
          "fullFile": "",
          "file": "",
          "beforeHooks": [],
          "afterHooks": [],
          "tests": [
            {
              "title": "Devrait retourner un tableau de produits avec les propriétés attendues",
              "fullTitle": "GET /products - Liste des produits Devrait retourner un tableau de produits avec les propriétés attendues",
              "timedOut": null,
              "duration": 664,
              "state": "passed",
              "speed": "fast",
              "pass": true,
              "fail": false,
              "pending": false,
              "context": null,
              "code": "cy.verifierListeProduits();",
              "err": {},
              "uuid": "ad1d1c6b-11aa-44fc-8b09-cca4e24a1343",
              "parentUUID": "5ed18c87-978f-42a9-b44f-f284a1623fe2",
              "isHook": false,
              "skipped": false
            }
          ],
          "suites": [],
          "passes": [
            "ad1d1c6b-11aa-44fc-8b09-cca4e24a1343"
          ],
          "failures": [],
          "pending": [],
          "skipped": [],
          "duration": 664,
          "root": false,
          "rootEmpty": false,
          "_timeout": 2000
        },
        {
          "uuid": "0c8ef2c0-cf5d-47f2-920a-354ab0ed8c13",
          "title": "GET /products/:id - Fiche produit spécifique",
          "fullFile": "",
          "file": "",
          "beforeHooks": [],
          "afterHooks": [],
          "tests": [
            {
              "title": "Devrait retourner la fiche produit pour un ID valide",
              "fullTitle": "GET /products/:id - Fiche produit spécifique Devrait retourner la fiche produit pour un ID valide",
              "timedOut": null,
              "duration": 72,
              "state": "passed",
              "speed": "fast",
              "pass": true,
              "fail": false,
              "pending": false,
              "context": null,
              "code": "const productId = 3;\ncy.request(`http://localhost:8081/products/${productId}`).then((response) => {\n    expect(response.status).to.eq(200);\n    expect(response.body).to.have.property('id', productId);\n    expect(response.body).to.have.property('name').that.is.a('string');\n    expect(response.body)\n        .to.have.property('description')\n        .that.is.a('string');\n});",
              "err": {},
              "uuid": "6239570a-38f5-4463-8a25-ba5b0404c86b",
              "parentUUID": "0c8ef2c0-cf5d-47f2-920a-354ab0ed8c13",
              "isHook": false,
              "skipped": false
            }
          ],
          "suites": [],
          "passes": [
            "6239570a-38f5-4463-8a25-ba5b0404c86b"
          ],
          "failures": [],
          "pending": [],
          "skipped": [],
          "duration": 72,
          "root": false,
          "rootEmpty": false,
          "_timeout": 2000
        }
      ],
      "passes": [],
      "failures": [],
      "pending": [],
      "skipped": [],
      "duration": 0,
      "root": true,
      "rootEmpty": true,
      "_timeout": 2000
    }
  ],
  "meta": {
    "mocha": {
      "version": "7.0.1"
    },
    "mochawesome": {
      "options": {
        "quiet": false,
        "reportFilename": "mochawesome",
        "saveHtml": false,
        "saveJson": true,
        "consoleReporter": "spec",
        "useInlineDiffs": false,
        "code": true
      },
      "version": "7.1.3"
    },
    "marge": {
      "options": {
        "reportDir": "cypress/reports/mochawesome-report",
        "overwrite": false,
        "html": false,
        "json": true
      },
      "version": "6.2.0"
    }
  }
}