{
  "stats": {
    "suites": 1,
    "tests": 3,
    "passes": 3,
    "pending": 0,
    "failures": 0,
    "start": "2025-02-07T14:51:59.702Z",
    "end": "2025-02-07T14:52:01.078Z",
    "duration": 1376,
    "testsRegistered": 3,
    "passPercent": 100,
    "pendingPercent": 0,
    "other": 0,
    "hasOther": false,
    "skipped": 0,
    "hasSkipped": false
  },
  "results": [
    {
      "uuid": "e954df68-854b-4e5a-b262-21775c243b33",
      "title": "",
      "fullFile": "cypress/e2e/avis/apiReviews.cy.ts",
      "file": "cypress/e2e/avis/apiReviews.cy.ts",
      "beforeHooks": [],
      "afterHooks": [],
      "tests": [],
      "suites": [
        {
          "uuid": "b6ad6a1b-c996-4b59-aa87-314fd3f81ea2",
          "title": "POST Review - Ajouter un avis",
          "fullFile": "",
          "file": "",
          "beforeHooks": [],
          "afterHooks": [],
          "tests": [
            {
              "title": "devrait créer un avis avec succès",
              "fullTitle": "POST Review - Ajouter un avis devrait créer un avis avec succès",
              "timedOut": null,
              "duration": 648,
              "state": "passed",
              "speed": "fast",
              "pass": true,
              "fail": false,
              "pending": false,
              "context": null,
              "code": "cy.ajouterAvis({\n    title: 'Excellent produit !',\n    comment: \"J'adore ce produit, je le recommande.\",\n    rating: 5,\n});",
              "err": {},
              "uuid": "69d3dd83-fe9b-4e45-acf9-30800ee9de70",
              "parentUUID": "b6ad6a1b-c996-4b59-aa87-314fd3f81ea2",
              "isHook": false,
              "skipped": false
            },
            {
              "title": "devrait retourner une erreur 401 si un utilisateur non connecté tente de poster un avis",
              "fullTitle": "POST Review - Ajouter un avis devrait retourner une erreur 401 si un utilisateur non connecté tente de poster un avis",
              "timedOut": null,
              "duration": 89,
              "state": "passed",
              "speed": "fast",
              "pass": true,
              "fail": false,
              "pending": false,
              "context": null,
              "code": "const avis = { title: 'string', comment: 'string', rating: 5 };\ncy.posterAvisNonConnecte(avis).then((response) => {\n    expect(response.status).to.eq(401);\n});",
              "err": {},
              "uuid": "5abb94d3-bd8c-498a-8d82-7738b4a82cb3",
              "parentUUID": "b6ad6a1b-c996-4b59-aa87-314fd3f81ea2",
              "isHook": false,
              "skipped": false
            },
            {
              "title": "Échec lors de l’ajout d’un avis avec injection XSS",
              "fullTitle": "POST Review - Ajouter un avis Échec lors de l’ajout d’un avis avec injection XSS",
              "timedOut": null,
              "duration": 611,
              "state": "passed",
              "speed": "fast",
              "pass": true,
              "fail": false,
              "pending": false,
              "context": null,
              "code": "cy.ajouterAvisMalveillant({\n    title: '<script>alert(\"XSS\")</script>',\n    comment: '<img src=\"x\" onerror=\"alert(\\'XSS\\')\">',\n    rating: 3,\n});",
              "err": {},
              "uuid": "dfa0d25e-b976-4fc6-bf56-d6b943259e2a",
              "parentUUID": "b6ad6a1b-c996-4b59-aa87-314fd3f81ea2",
              "isHook": false,
              "skipped": false
            }
          ],
          "suites": [],
          "passes": [
            "69d3dd83-fe9b-4e45-acf9-30800ee9de70",
            "5abb94d3-bd8c-498a-8d82-7738b4a82cb3",
            "dfa0d25e-b976-4fc6-bf56-d6b943259e2a"
          ],
          "failures": [],
          "pending": [],
          "skipped": [],
          "duration": 1348,
          "root": false,
          "rootEmpty": false,
          "_timeout": 2000
        }
      ],
      "passes": [],
      "failures": [],
      "pending": [],
      "skipped": [],
      "duration": 0,
      "root": true,
      "rootEmpty": true,
      "_timeout": 2000
    }
  ],
  "meta": {
    "mocha": {
      "version": "7.0.1"
    },
    "mochawesome": {
      "options": {
        "quiet": false,
        "reportFilename": "mochawesome",
        "saveHtml": false,
        "saveJson": true,
        "consoleReporter": "spec",
        "useInlineDiffs": false,
        "code": true
      },
      "version": "7.1.3"
    },
    "marge": {
      "options": {
        "reportDir": "cypress/reports/mochawesome-report",
        "overwrite": false,
        "html": false,
        "json": true
      },
      "version": "6.2.0"
    }
  }
}