{
  "stats": {
    "suites": 1,
    "tests": 2,
    "passes": 1,
    "pending": 0,
    "failures": 1,
    "start": "2025-02-07T14:52:03.434Z",
    "end": "2025-02-07T14:52:06.540Z",
    "duration": 3106,
    "testsRegistered": 2,
    "passPercent": 50,
    "pendingPercent": 0,
    "other": 0,
    "hasOther": false,
    "skipped": 0,
    "hasSkipped": false
  },
  "results": [
    {
      "uuid": "2a64110b-9945-4f18-b8ff-dc01c4baf598",
      "title": "",
      "fullFile": "cypress/e2e/commandes/apiOrderAdd.cy.ts",
      "file": "cypress/e2e/commandes/apiOrderAdd.cy.ts",
      "beforeHooks": [],
      "afterHooks": [],
      "tests": [],
      "suites": [
        {
          "uuid": "5110bcc1-0c01-445b-8f78-9dec4764910e",
          "title": "Ajout au panier",
          "fullFile": "",
          "file": "",
          "beforeHooks": [],
          "afterHooks": [],
          "tests": [
            {
              "title": "Ajoute un produit disponible",
              "fullTitle": "Ajout au panier Ajoute un produit disponible",
              "timedOut": null,
              "duration": 1204,
              "state": "passed",
              "speed": "fast",
              "pass": true,
              "fail": false,
              "pending": false,
              "context": null,
              "code": "cy.ajouterProduitAuPanierApI(7, 3);",
              "err": {},
              "uuid": "a1b10b7d-b11c-4874-97e6-9595ac5f2e9c",
              "parentUUID": "5110bcc1-0c01-445b-8f78-9dec4764910e",
              "isHook": false,
              "skipped": false
            },
            {
              "title": "Échec lors de l’ajout d’un produit en rupture de stock",
              "fullTitle": "Ajout au panier Échec lors de l’ajout d’un produit en rupture de stock",
              "timedOut": null,
              "duration": 1455,
              "state": "failed",
              "speed": null,
              "pass": false,
              "fail": true,
              "pending": false,
              "context": null,
              "code": "cy.ajouterProduitAuPanierRuptureStock(4, 2);",
              "err": {
                "message": "AssertionError: expected 200 to equal 400",
                "estack": "AssertionError: expected 200 to equal 400\n    at captureUserInvocationStack (http://localhost:8080/__cypress/runner/cypress_runner.js:138885:94)\n    at Proxy.<anonymous> (http://localhost:8080/__cypress/runner/cypress_runner.js:138913:9)\n    at Proxy.assertEqual (http://localhost:8080/__cypress/runner/cypress_runner.js:79842:12)\n    at Proxy.methodWrapper (http://localhost:8080/__cypress/runner/cypress_runner.js:77688:25)\n    at Context.eval (webpack:///./cypress/support/commands.ts:142:0)\n    at getRet (http://localhost:8080/__cypress/runner/cypress_runner.js:118338:20)\n    at tryCatcher (http://localhost:8080/__cypress/runner/cypress_runner.js:1777:23)\n    at Promise.attempt.Promise.try (http://localhost:8080/__cypress/runner/cypress_runner.js:4285:29)\n    at Context.thenFn (http://localhost:8080/__cypress/runner/cypress_runner.js:118349:66)\n    at Context.then (http://localhost:8080/__cypress/runner/cypress_runner.js:118600:21)",
                "diff": "- 200\n+ 400\n"
              },
              "uuid": "c6c35edf-5f23-4306-9f72-359cbf3345c0",
              "parentUUID": "5110bcc1-0c01-445b-8f78-9dec4764910e",
              "isHook": false,
              "skipped": false
            }
          ],
          "suites": [],
          "passes": [
            "a1b10b7d-b11c-4874-97e6-9595ac5f2e9c"
          ],
          "failures": [
            "c6c35edf-5f23-4306-9f72-359cbf3345c0"
          ],
          "pending": [],
          "skipped": [],
          "duration": 2659,
          "root": false,
          "rootEmpty": false,
          "_timeout": 2000
        }
      ],
      "passes": [],
      "failures": [],
      "pending": [],
      "skipped": [],
      "duration": 0,
      "root": true,
      "rootEmpty": true,
      "_timeout": 2000
    }
  ],
  "meta": {
    "mocha": {
      "version": "7.0.1"
    },
    "mochawesome": {
      "options": {
        "quiet": false,
        "reportFilename": "mochawesome",
        "saveHtml": false,
        "saveJson": true,
        "consoleReporter": "spec",
        "useInlineDiffs": false,
        "code": true
      },
      "version": "7.1.3"
    },
    "marge": {
      "options": {
        "reportDir": "cypress/reports/mochawesome-report",
        "overwrite": false,
        "html": false,
        "json": true
      },
      "version": "6.2.0"
    }
  }
}