{
  "stats": {
    "suites": 2,
    "tests": 2,
    "passes": 2,
    "pending": 0,
    "failures": 0,
    "start": "2025-02-07T14:51:55.714Z",
    "end": "2025-02-07T14:51:56.366Z",
    "duration": 652,
    "testsRegistered": 2,
    "passPercent": 100,
    "pendingPercent": 0,
    "other": 0,
    "hasOther": false,
    "skipped": 0,
    "hasSkipped": false
  },
  "results": [
    {
      "uuid": "099b862a-c99f-4fc5-9786-1ebc7b79d10e",
      "title": "",
      "fullFile": "cypress/e2e/auth/apiLogin.cy.ts",
      "file": "cypress/e2e/auth/apiLogin.cy.ts",
      "beforeHooks": [],
      "afterHooks": [],
      "tests": [],
      "suites": [
        {
          "uuid": "bf9dd09b-1fb3-47c1-a8d7-a5231d74f5e5",
          "title": "POST /login - Authentification réussie",
          "fullFile": "",
          "file": "",
          "beforeHooks": [],
          "afterHooks": [],
          "tests": [
            {
              "title": "Effectue une requête POST sur /login et valide la réponse 200 avec un token",
              "fullTitle": "POST /login - Authentification réussie Effectue une requête POST sur /login et valide la réponse 200 avec un token",
              "timedOut": null,
              "duration": 566,
              "state": "passed",
              "speed": "fast",
              "pass": true,
              "fail": false,
              "pending": false,
              "context": null,
              "code": "cy.login().then(() => {\n    const token = Cypress.env('authToken');\n    expect(token).to.be.a('string');\n    cy.wrap(token).should('exist');\n});",
              "err": {},
              "uuid": "a8b34b4d-936d-414d-b5ba-bd1a4d631122",
              "parentUUID": "bf9dd09b-1fb3-47c1-a8d7-a5231d74f5e5",
              "isHook": false,
              "skipped": false
            }
          ],
          "suites": [],
          "passes": [
            "a8b34b4d-936d-414d-b5ba-bd1a4d631122"
          ],
          "failures": [],
          "pending": [],
          "skipped": [],
          "duration": 566,
          "root": false,
          "rootEmpty": false,
          "_timeout": 2000
        },
        {
          "uuid": "d668f1a4-e1f9-48b0-98b0-3cbda8fab740",
          "title": "POST /login - Authentification échouée",
          "fullFile": "",
          "file": "",
          "beforeHooks": [],
          "afterHooks": [],
          "tests": [
            {
              "title": "Retourne 401 pour des identifiants invalides",
              "fullTitle": "POST /login - Authentification échouée Retourne 401 pour des identifiants invalides",
              "timedOut": null,
              "duration": 68,
              "state": "passed",
              "speed": "fast",
              "pass": true,
              "fail": false,
              "pending": false,
              "context": null,
              "code": "cy.loginInvalid('wrong@example.com', 'wrongpass');",
              "err": {},
              "uuid": "c9cd0f90-9eb7-4224-b864-cafd2ae7b7e4",
              "parentUUID": "d668f1a4-e1f9-48b0-98b0-3cbda8fab740",
              "isHook": false,
              "skipped": false
            }
          ],
          "suites": [],
          "passes": [
            "c9cd0f90-9eb7-4224-b864-cafd2ae7b7e4"
          ],
          "failures": [],
          "pending": [],
          "skipped": [],
          "duration": 68,
          "root": false,
          "rootEmpty": false,
          "_timeout": 2000
        }
      ],
      "passes": [],
      "failures": [],
      "pending": [],
      "skipped": [],
      "duration": 0,
      "root": true,
      "rootEmpty": true,
      "_timeout": 2000
    }
  ],
  "meta": {
    "mocha": {
      "version": "7.0.1"
    },
    "mochawesome": {
      "options": {
        "quiet": false,
        "reportFilename": "mochawesome",
        "saveHtml": false,
        "saveJson": true,
        "consoleReporter": "spec",
        "useInlineDiffs": false,
        "code": true
      },
      "version": "7.1.3"
    },
    "marge": {
      "options": {
        "reportDir": "cypress/reports/mochawesome-report",
        "overwrite": false,
        "html": false,
        "json": true
      },
      "version": "6.2.0"
    }
  }
}