{
  "stats": {
    "suites": 1,
    "tests": 1,
    "passes": 1,
    "pending": 0,
    "failures": 0,
    "start": "2025-02-07T14:52:34.161Z",
    "end": "2025-02-07T14:52:35.024Z",
    "duration": 863,
    "testsRegistered": 1,
    "passPercent": 100,
    "pendingPercent": 0,
    "other": 0,
    "hasOther": false,
    "skipped": 0,
    "hasSkipped": false
  },
  "results": [
    {
      "uuid": "2e426ab1-455e-41aa-9ae5-61ac2739c84d",
      "title": "",
      "fullFile": "cypress/e2e/smoke/smokeCart.cy.ts",
      "file": "cypress/e2e/smoke/smokeCart.cy.ts",
      "beforeHooks": [],
      "afterHooks": [],
      "tests": [],
      "suites": [
        {
          "uuid": "a987d0d6-29e2-429a-84fc-635630ad8d61",
          "title": "Smoke Test - Boutons Ajouter au panier",
          "fullFile": "",
          "file": "",
          "beforeHooks": [],
          "afterHooks": [],
          "tests": [
            {
              "title": "Vérifie les boutons Ajouter au panier",
              "fullTitle": "Smoke Test - Boutons Ajouter au panier Vérifie les boutons Ajouter au panier",
              "timedOut": null,
              "duration": 849,
              "state": "passed",
              "speed": "fast",
              "pass": true,
              "fail": false,
              "pending": false,
              "context": null,
              "code": "cy.visit('http://localhost:8080/#/products/3');\ncy.get(\"[data-cy='detail-product-add']\").should('exist');",
              "err": {},
              "uuid": "17ca9a41-8022-4e44-a092-a3080fa4becb",
              "parentUUID": "a987d0d6-29e2-429a-84fc-635630ad8d61",
              "isHook": false,
              "skipped": false
            }
          ],
          "suites": [],
          "passes": [
            "17ca9a41-8022-4e44-a092-a3080fa4becb"
          ],
          "failures": [],
          "pending": [],
          "skipped": [],
          "duration": 849,
          "root": false,
          "rootEmpty": false,
          "_timeout": 2000
        }
      ],
      "passes": [],
      "failures": [],
      "pending": [],
      "skipped": [],
      "duration": 0,
      "root": true,
      "rootEmpty": true,
      "_timeout": 2000
    }
  ],
  "meta": {
    "mocha": {
      "version": "7.0.1"
    },
    "mochawesome": {
      "options": {
        "quiet": false,
        "reportFilename": "mochawesome",
        "saveHtml": false,
        "saveJson": true,
        "consoleReporter": "spec",
        "useInlineDiffs": false,
        "code": true
      },
      "version": "7.1.3"
    },
    "marge": {
      "options": {
        "reportDir": "cypress/reports/mochawesome-report",
        "overwrite": false,
        "html": false,
        "json": true
      },
      "version": "6.2.0"
    }
  }
}