{
  "stats": {
    "suites": 2,
    "tests": 2,
    "passes": 2,
    "pending": 0,
    "failures": 0,
    "start": "2025-02-07T14:52:07.273Z",
    "end": "2025-02-07T14:52:07.976Z",
    "duration": 703,
    "testsRegistered": 2,
    "passPercent": 100,
    "pendingPercent": 0,
    "other": 0,
    "hasOther": false,
    "skipped": 0,
    "hasSkipped": false
  },
  "results": [
    {
      "uuid": "1e963657-f91d-4fee-88d5-86971c22c194",
      "title": "",
      "fullFile": "cypress/e2e/commandes/apiOrders.cy.ts",
      "file": "cypress/e2e/commandes/apiOrders.cy.ts",
      "beforeHooks": [],
      "afterHooks": [],
      "tests": [],
      "suites": [
        {
          "uuid": "32775405-fc7d-4637-aea9-8ed58a505afa",
          "title": "GET /orders - Non authentifié, accès refusé",
          "fullFile": "",
          "file": "",
          "beforeHooks": [],
          "afterHooks": [],
          "tests": [
            {
              "title": "Doit retourner une erreur 401 pour une requête non authentifiée",
              "fullTitle": "GET /orders - Non authentifié, accès refusé Doit retourner une erreur 401 pour une requête non authentifiée",
              "timedOut": null,
              "duration": 76,
              "state": "passed",
              "speed": "fast",
              "pass": true,
              "fail": false,
              "pending": false,
              "context": null,
              "code": "cy.verifierDonneesSansAuth(_support_commands__WEBPACK_IMPORTED_MODULE_0__.apiOrders, 401);",
              "err": {},
              "uuid": "8b74f721-fca4-48ad-8736-a6d82ab8f01b",
              "parentUUID": "32775405-fc7d-4637-aea9-8ed58a505afa",
              "isHook": false,
              "skipped": false
            }
          ],
          "suites": [],
          "passes": [
            "8b74f721-fca4-48ad-8736-a6d82ab8f01b"
          ],
          "failures": [],
          "pending": [],
          "skipped": [],
          "duration": 76,
          "root": false,
          "rootEmpty": false,
          "_timeout": 2000
        },
        {
          "uuid": "ee951357-6005-45f7-8890-353b69498530",
          "title": "GET /orders - Authentifié",
          "fullFile": "",
          "file": "",
          "beforeHooks": [],
          "afterHooks": [],
          "tests": [
            {
              "title": "Requête authentifiée sur /orders retourne la liste des produits",
              "fullTitle": "GET /orders - Authentifié Requête authentifiée sur /orders retourne la liste des produits",
              "timedOut": null,
              "duration": 609,
              "state": "passed",
              "speed": "fast",
              "pass": true,
              "fail": false,
              "pending": false,
              "context": null,
              "code": "cy.login().then(() => {\n    cy.verifierPanier(_support_commands__WEBPACK_IMPORTED_MODULE_0__.apiOrders, 200);\n});",
              "err": {},
              "uuid": "444356d6-dc23-4905-9991-790e0edef86e",
              "parentUUID": "ee951357-6005-45f7-8890-353b69498530",
              "isHook": false,
              "skipped": false
            }
          ],
          "suites": [],
          "passes": [
            "444356d6-dc23-4905-9991-790e0edef86e"
          ],
          "failures": [],
          "pending": [],
          "skipped": [],
          "duration": 609,
          "root": false,
          "rootEmpty": false,
          "_timeout": 2000
        }
      ],
      "passes": [],
      "failures": [],
      "pending": [],
      "skipped": [],
      "duration": 0,
      "root": true,
      "rootEmpty": true,
      "_timeout": 2000
    }
  ],
  "meta": {
    "mocha": {
      "version": "7.0.1"
    },
    "mochawesome": {
      "options": {
        "quiet": false,
        "reportFilename": "mochawesome",
        "saveHtml": false,
        "saveJson": true,
        "consoleReporter": "spec",
        "useInlineDiffs": false,
        "code": true
      },
      "version": "7.1.3"
    },
    "marge": {
      "options": {
        "reportDir": "cypress/reports/mochawesome-report",
        "overwrite": false,
        "html": false,
        "json": true
      },
      "version": "6.2.0"
    }
  }
}