{
  "stats": {
    "suites": 1,
    "tests": 1,
    "passes": 1,
    "pending": 0,
    "failures": 0,
    "start": "2025-02-07T14:52:35.800Z",
    "end": "2025-02-07T14:52:36.320Z",
    "duration": 520,
    "testsRegistered": 1,
    "passPercent": 100,
    "pendingPercent": 0,
    "other": 0,
    "hasOther": false,
    "skipped": 0,
    "hasSkipped": false
  },
  "results": [
    {
      "uuid": "6de35b92-5591-4880-b694-20ffeb861659",
      "title": "",
      "fullFile": "cypress/e2e/smoke/smokeLogin.cy.ts",
      "file": "cypress/e2e/smoke/smokeLogin.cy.ts",
      "beforeHooks": [],
      "afterHooks": [],
      "tests": [],
      "suites": [
        {
          "uuid": "dd775bd2-ed09-4961-8e2f-d1cd63e8523e",
          "title": "Smoke Test - Page de connexion",
          "fullFile": "",
          "file": "",
          "beforeHooks": [],
          "afterHooks": [],
          "tests": [
            {
              "title": "Vérifie la présence des champs et du bouton de connexion",
              "fullTitle": "Smoke Test - Page de connexion Vérifie la présence des champs et du bouton de connexion",
              "timedOut": null,
              "duration": 496,
              "state": "passed",
              "speed": "fast",
              "pass": true,
              "fail": false,
              "pending": false,
              "context": null,
              "code": "cy.visit('http://localhost:8080/#/');\ncy.get('[data-cy=\"nav-link-register\"]').should('be.visible');\ncy.get('[data-cy=\"nav-link-login\"]').should('be.visible').click();\ncy.get(\"[data-cy='login-input-username']\").should('exist');\ncy.get(\"[data-cy='login-input-password']\").should('exist');\ncy.get(\"[data-cy='login-submit']\").should('exist').contains('Se connecter');",
              "err": {},
              "uuid": "d4214880-a94d-4fa9-8700-d04836c8720d",
              "parentUUID": "dd775bd2-ed09-4961-8e2f-d1cd63e8523e",
              "isHook": false,
              "skipped": false
            }
          ],
          "suites": [],
          "passes": [
            "d4214880-a94d-4fa9-8700-d04836c8720d"
          ],
          "failures": [],
          "pending": [],
          "skipped": [],
          "duration": 496,
          "root": false,
          "rootEmpty": false,
          "_timeout": 2000
        }
      ],
      "passes": [],
      "failures": [],
      "pending": [],
      "skipped": [],
      "duration": 0,
      "root": true,
      "rootEmpty": true,
      "_timeout": 2000
    }
  ],
  "meta": {
    "mocha": {
      "version": "7.0.1"
    },
    "mochawesome": {
      "options": {
        "quiet": false,
        "reportFilename": "mochawesome",
        "saveHtml": false,
        "saveJson": true,
        "consoleReporter": "spec",
        "useInlineDiffs": false,
        "code": true
      },
      "version": "7.1.3"
    },
    "marge": {
      "options": {
        "reportDir": "cypress/reports/mochawesome-report",
        "overwrite": false,
        "html": false,
        "json": true
      },
      "version": "6.2.0"
    }
  }
}